<?xml version="1.0" encoding="UTF-8"?>
<!-- Generated by org.testng.reporters.JUnitReportReporter -->
<testsuite skipped="0" hostname="LAPTOP-PSBRRDS3" name="FirstConnectionDB.ConnectMySQL" tests="1" failures="0" timestamp="2020-06-21T10:54:59 EDT" time="1.219" errors="0">
  <testcase name="testDB" time="1.219" classname="FirstConnectionDB.ConnectMySQL"/>
  <system-out/>
</testsuite> <!-- FirstConnectionDB.ConnectMySQL -->
